<?xml version="1.0" encoding="UTF-8"?>
<!-- Generated by org.testng.reporters.JUnitReportReporter -->
<testsuite hostname="DESKTOP-6F9OMTT" failures="0" tests="10" name="testpkg.RedwolfTest" time="146.556" errors="0" timestamp="2024-07-12T14:27:38 IST" skipped="0">
  <testcase classname="testpkg.RedwolfTest" name="registerTest" time="19.744"/>
  <testcase classname="testpkg.RedwolfTest" name="loginTestUsingDataDriven" time="78.772"/>
  <testcase classname="testpkg.RedwolfTest" name="logo" time="3.999"/>
  <testcase classname="testpkg.RedwolfTest" name="searchTest" time="6.376"/>
  <testcase classname="testpkg.RedwolfTest" name="homepageDropdownTest" time="4.251"/>
  <testcase classname="testpkg.RedwolfTest" name="addtocartTest" time="5.948"/>
  <testcase classname="testpkg.RedwolfTest" name="checkout" time="10.940"/>
  <testcase classname="testpkg.RedwolfTest" name="wishlistTest" time="7.877"/>
  <testcase classname="testpkg.RedwolfTest" name="removeProductFromWishlistTest" time="5.022"/>
  <testcase classname="testpkg.RedwolfTest" name="logoutTest" time="3.627"/>
</testsuite> <!-- testpkg.RedwolfTest -->
